app/build/intermediates/manifest_merge_blame_file/debug/manifest-merger-blame-debug-report.txt
1<?xml version="1.0" encoding="utf-8"?>
2<manifest xmlns:android="http://schemas.android.com/apk/res/android"
3    package="com.google.mlkit.vision.demo"
4    android:installLocation="auto"
5    android:versionCode="11"
6    android:versionName="1.11" >
7    <!--
8 CameraX libraries require minSdkVersion 21, while this quickstart app
9    supports low to 19. Needs to use overrideLibrary to make the merger tool
10    ignore this conflict and import the libraries while keeping the app's lower
11    minSdkVersion value. In code, will check SDK version, before calling CameraX
12    APIs.
13    -->
14    <uses-sdk
14-->src\main\AndroidManifest.xml:12:5-16:60
15        android:minSdkVersion="19"
15-->src\main\AndroidManifest.xml:12:5-16:60
16        android:targetSdkVersion="34" />
16-->src\main\AndroidManifest.xml:12:5-16:60
17
18    <uses-feature android:name="android.hardware.camera" />
18-->src\main\AndroidManifest.xml:18:5-59
18-->src\main\AndroidManifest.xml:18:19-57
19
20    <uses-permission android:name="android.permission.RECORD_AUDIO" />
20-->src\main\AndroidManifest.xml:19:5-70
20-->src\main\AndroidManifest.xml:19:22-68
21    <uses-permission android:name="android.permission.INTERNET" />
21-->src\main\AndroidManifest.xml:20:5-66
21-->src\main\AndroidManifest.xml:20:22-64
22    <uses-permission android:name="android.permission.WRITE_EXTERNAL_STORAGE" />
22-->src\main\AndroidManifest.xml:21:5-80
22-->src\main\AndroidManifest.xml:21:22-78
23    <uses-permission android:name="android.permission.READ_EXTERNAL_STORAGE" />
23-->src\main\AndroidManifest.xml:22:5-79
23-->src\main\AndroidManifest.xml:22:22-77
24    <uses-permission android:name="android.permission.CAMERA" />
24-->src\main\AndroidManifest.xml:23:5-64
24-->src\main\AndroidManifest.xml:23:22-62
25    <uses-permission
25-->src\main\AndroidManifest.xml:24:5-26:38
26        android:name="android.permission.BLUETOOTH"
26-->src\main\AndroidManifest.xml:25:9-52
27        android:maxSdkVersion="30" />
27-->src\main\AndroidManifest.xml:26:9-35
28    <uses-permission
28-->src\main\AndroidManifest.xml:27:5-29:38
29        android:name="android.permission.BLUETOOTH_ADMIN"
29-->src\main\AndroidManifest.xml:28:9-58
30        android:maxSdkVersion="30" />
30-->src\main\AndroidManifest.xml:29:9-35
31    <uses-permission android:name="android.permission.BLUETOOTH_SCAN" />
31-->src\main\AndroidManifest.xml:30:5-73
31-->src\main\AndroidManifest.xml:30:22-70
32    <uses-permission android:name="android.permission.BLUETOOTH_ADVERTISE" />
32-->src\main\AndroidManifest.xml:31:5-78
32-->src\main\AndroidManifest.xml:31:22-75
33    <uses-permission android:name="android.permission.BLUETOOTH_CONNECT" />
33-->src\main\AndroidManifest.xml:32:5-76
33-->src\main\AndroidManifest.xml:32:22-73
34
35    <queries>
35-->src\main\AndroidManifest.xml:124:5-128:15
36        <intent>
36-->src\main\AndroidManifest.xml:125:9-127:18
37            <action android:name="android.media.action.IMAGE_CAPTURE" />
37-->src\main\AndroidManifest.xml:126:13-73
37-->src\main\AndroidManifest.xml:126:21-70
38        </intent>
39    </queries>
40
41    <!-- For remote config -->
42    <uses-permission android:name="android.permission.ACCESS_NETWORK_STATE" />
42-->[com.google.mlkit:pose-detection-common:18.0.0-beta4] AndroidManifest.xml:7:5-79
42-->[com.google.mlkit:pose-detection-common:18.0.0-beta4] AndroidManifest.xml:7:22-76
43    <uses-permission android:name="android.permission.WAKE_LOCK" />
43-->[androidx.work:work-runtime:2.7.0] AndroidManifest.xml:25:5-68
43-->[androidx.work:work-runtime:2.7.0] AndroidManifest.xml:25:22-65
44    <uses-permission android:name="android.permission.RECEIVE_BOOT_COMPLETED" />
44-->[androidx.work:work-runtime:2.7.0] AndroidManifest.xml:27:5-81
44-->[androidx.work:work-runtime:2.7.0] AndroidManifest.xml:27:22-78
45    <uses-permission android:name="android.permission.FOREGROUND_SERVICE" />
45-->[androidx.work:work-runtime:2.7.0] AndroidManifest.xml:28:5-77
45-->[androidx.work:work-runtime:2.7.0] AndroidManifest.xml:28:22-74
46
47    <permission
47-->[androidx.core:core:1.9.0] AndroidManifest.xml:22:5-24:47
48        android:name="com.google.mlkit.vision.demo.DYNAMIC_RECEIVER_NOT_EXPORTED_PERMISSION"
48-->[androidx.core:core:1.9.0] AndroidManifest.xml:23:9-81
49        android:protectionLevel="signature" />
49-->[androidx.core:core:1.9.0] AndroidManifest.xml:24:9-44
50
51    <uses-permission android:name="com.google.mlkit.vision.demo.DYNAMIC_RECEIVER_NOT_EXPORTED_PERMISSION" />
51-->[androidx.core:core:1.9.0] AndroidManifest.xml:26:5-97
51-->[androidx.core:core:1.9.0] AndroidManifest.xml:26:22-94
52
53    <application
53-->src\main\AndroidManifest.xml:34:5-123:19
54        android:name="androidx.multidex.MultiDexApplication"
54-->src\main\AndroidManifest.xml:35:9-61
55        android:appComponentFactory="androidx.core.app.CoreComponentFactory"
55-->[androidx.core:core:1.9.0] AndroidManifest.xml:28:18-86
56        android:debuggable="true"
57        android:icon="@drawable/logo_mlkit"
57-->src\main\AndroidManifest.xml:36:9-44
58        android:label="@string/app_name"
58-->src\main\AndroidManifest.xml:37:9-41
59        android:testOnly="true"
60        android:theme="@style/Theme.AppCompat" >
60-->src\main\AndroidManifest.xml:38:9-47
61        android:usesCleartextTraffic="true"
62        <meta-data
62-->src\main\AndroidManifest.xml:41:9-43:68
63            android:name="com.google.android.gms.version"
63-->src\main\AndroidManifest.xml:42:13-58
64            android:value="@integer/google_play_services_version" />
64-->src\main\AndroidManifest.xml:43:13-66
65
66        <!--
67          Optional: Add it to automatically download ML model to device after
68          your app is installed.
69        -->
70        <meta-data
70-->src\main\AndroidManifest.xml:47:9-49:129
71            android:name="com.google.mlkit.vision.DEPENDENCIES"
71-->src\main\AndroidManifest.xml:48:13-64
72            android:value="barcode,face,ocr,ocr_chinese,ocr_devanagari,ocr_japanese,ocr_korean,ica,custom_ica,subject_segment" />
72-->src\main\AndroidManifest.xml:49:13-127
73
74        <activity
74-->src\main\AndroidManifest.xml:51:9-59:20
75            android:name="com.google.mlkit.vision.demo.EntryChoiceActivity"
75-->src\main\AndroidManifest.xml:52:13-48
76            android:exported="true"
76-->src\main\AndroidManifest.xml:53:13-36
77            android:theme="@style/AppTheme" >
77-->src\main\AndroidManifest.xml:54:13-44
78            <intent-filter>
78-->src\main\AndroidManifest.xml:55:13-58:29
79                <action android:name="android.intent.action.MAIN" />
79-->src\main\AndroidManifest.xml:56:17-68
79-->src\main\AndroidManifest.xml:56:25-66
80
81                <category android:name="android.intent.category.LAUNCHER" />
81-->src\main\AndroidManifest.xml:57:17-76
81-->src\main\AndroidManifest.xml:57:27-74
82            </intent-filter>
83        </activity>
84        <activity
84-->src\main\AndroidManifest.xml:61:9-64:20
85            android:name="com.google.mlkit.vision.demo.java.ChooserActivity"
85-->src\main\AndroidManifest.xml:62:13-49
86            android:exported="false" >
86-->src\main\AndroidManifest.xml:63:13-37
87        </activity>
88        <activity
88-->src\main\AndroidManifest.xml:66:9-70:20
89            android:name="com.google.mlkit.vision.demo.java.LivePreviewActivity"
89-->src\main\AndroidManifest.xml:67:13-53
90            android:exported="false"
90-->src\main\AndroidManifest.xml:68:13-37
91            android:theme="@style/AppTheme" >
91-->src\main\AndroidManifest.xml:69:13-44
92        </activity>
93        <activity
93-->src\main\AndroidManifest.xml:72:9-76:20
94            android:name="com.google.mlkit.vision.demo.java.CameraXLivePreviewActivity"
94-->src\main\AndroidManifest.xml:73:13-60
95            android:exported="false"
95-->src\main\AndroidManifest.xml:74:13-37
96            android:theme="@style/AppTheme" >
96-->src\main\AndroidManifest.xml:75:13-44
97        </activity>
98        <activity
98-->src\main\AndroidManifest.xml:78:9-82:20
99            android:name="com.google.mlkit.vision.demo.java.CameraXSourceDemoActivity"
99-->src\main\AndroidManifest.xml:79:13-59
100            android:exported="false"
100-->src\main\AndroidManifest.xml:80:13-37
101            android:theme="@style/AppTheme" >
101-->src\main\AndroidManifest.xml:81:13-44
102        </activity>
103        <activity
103-->src\main\AndroidManifest.xml:84:9-88:20
104            android:name="com.google.mlkit.vision.demo.java.StillImageActivity"
104-->src\main\AndroidManifest.xml:85:13-52
105            android:exported="false"
105-->src\main\AndroidManifest.xml:86:13-37
106            android:theme="@style/AppTheme" >
106-->src\main\AndroidManifest.xml:87:13-44
107        </activity>
108        <activity
108-->src\main\AndroidManifest.xml:90:9-93:20
109            android:name="com.google.mlkit.vision.demo.kotlin.ChooserActivity"
109-->src\main\AndroidManifest.xml:91:13-51
110            android:exported="false" >
110-->src\main\AndroidManifest.xml:92:13-37
111        </activity>
112        <activity
112-->src\main\AndroidManifest.xml:95:9-99:20
113            android:name="com.google.mlkit.vision.demo.kotlin.LivePreviewActivity"
113-->src\main\AndroidManifest.xml:96:13-55
114            android:exported="false"
114-->src\main\AndroidManifest.xml:97:13-37
115            android:theme="@style/AppTheme" >
115-->src\main\AndroidManifest.xml:98:13-44
116        </activity>
117        <activity
117-->src\main\AndroidManifest.xml:101:9-105:20
118            android:name="com.google.mlkit.vision.demo.kotlin.CameraXLivePreviewActivity"
118-->src\main\AndroidManifest.xml:102:13-62
119            android:exported="false"
119-->src\main\AndroidManifest.xml:103:13-37
120            android:theme="@style/AppTheme" >
120-->src\main\AndroidManifest.xml:104:13-44
121        </activity>
122        <activity
122-->src\main\AndroidManifest.xml:107:9-111:20
123            android:name="com.google.mlkit.vision.demo.kotlin.CameraXSourceDemoActivity"
123-->src\main\AndroidManifest.xml:108:13-61
124            android:exported="false"
124-->src\main\AndroidManifest.xml:109:13-37
125            android:theme="@style/AppTheme" >
125-->src\main\AndroidManifest.xml:110:13-44
126        </activity>
127        <activity
127-->src\main\AndroidManifest.xml:113:9-117:20
128            android:name="com.google.mlkit.vision.demo.kotlin.StillImageActivity"
128-->src\main\AndroidManifest.xml:114:13-54
129            android:exported="false"
129-->src\main\AndroidManifest.xml:115:13-37
130            android:theme="@style/AppTheme" >
130-->src\main\AndroidManifest.xml:116:13-44
131        </activity>
132        <activity
132-->src\main\AndroidManifest.xml:119:9-121:39
133            android:name="com.google.mlkit.vision.demo.preference.SettingsActivity"
133-->src\main\AndroidManifest.xml:120:13-56
134            android:exported="false" />
134-->src\main\AndroidManifest.xml:121:13-37
135
136        <!--
137             Required for ML Kit Pose Detection GPU acceleration. Applications that target Android
138             S+ require explicit declaration of any referenced vendor-provided libraries.
139        -->
140        <uses-native-library
140-->[com.google.mlkit:pose-detection-common:18.0.0-beta4] AndroidManifest.xml:16:9-18:40
141            android:name="libOpenCL.so"
141-->[com.google.mlkit:pose-detection-common:18.0.0-beta4] AndroidManifest.xml:17:13-40
142            android:required="false" />
142-->[com.google.mlkit:pose-detection-common:18.0.0-beta4] AndroidManifest.xml:18:13-37
143        <uses-native-library
143-->[com.google.mlkit:pose-detection-common:18.0.0-beta4] AndroidManifest.xml:16:9-18:40
144            android:name="libOpenCL-car.so"
144-->[com.google.mlkit:pose-detection-common:18.0.0-beta4] AndroidManifest.xml:17:13-40
145            android:required="false" />
145-->[com.google.mlkit:pose-detection-common:18.0.0-beta4] AndroidManifest.xml:18:13-37
146        <uses-native-library
146-->[com.google.mlkit:pose-detection-common:18.0.0-beta4] AndroidManifest.xml:16:9-18:40
147            android:name="libOpenCL-pixel.so"
147-->[com.google.mlkit:pose-detection-common:18.0.0-beta4] AndroidManifest.xml:17:13-40
148            android:required="false" />
148-->[com.google.mlkit:pose-detection-common:18.0.0-beta4] AndroidManifest.xml:18:13-37
149
150        <service
150-->[com.google.mlkit:pose-detection-common:18.0.0-beta4] AndroidManifest.xml:26:9-32:19
151            android:name="com.google.mlkit.common.internal.MlKitComponentDiscoveryService"
151-->[com.google.mlkit:pose-detection-common:18.0.0-beta4] AndroidManifest.xml:27:13-91
152            android:directBootAware="true"
152-->[com.google.mlkit:common:18.10.0] AndroidManifest.xml:17:13-43
153            android:exported="false" >
153-->[com.google.mlkit:pose-detection-common:18.0.0-beta4] AndroidManifest.xml:28:13-37
154            <meta-data
154-->[com.google.mlkit:pose-detection-common:18.0.0-beta4] AndroidManifest.xml:29:13-31:85
155                android:name="com.google.firebase.components:com.google.mlkit.vision.pose.internal.PoseRegistrar"
155-->[com.google.mlkit:pose-detection-common:18.0.0-beta4] AndroidManifest.xml:30:17-114
156                android:value="com.google.firebase.components.ComponentRegistrar" />
156-->[com.google.mlkit:pose-detection-common:18.0.0-beta4] AndroidManifest.xml:31:17-82
157            <meta-data
157-->[com.google.mlkit:object-detection:17.0.1] AndroidManifest.xml:14:13-16:85
158                android:name="com.google.firebase.components:com.google.mlkit.vision.objects.defaults.internal.DefaultObjectsRegistrar"
158-->[com.google.mlkit:object-detection:17.0.1] AndroidManifest.xml:15:17-136
159                android:value="com.google.firebase.components.ComponentRegistrar" />
159-->[com.google.mlkit:object-detection:17.0.1] AndroidManifest.xml:16:17-82
160            <meta-data
160-->[com.google.mlkit:object-detection-custom:17.0.1] AndroidManifest.xml:11:13-13:85
161                android:name="com.google.firebase.components:com.google.mlkit.vision.objects.custom.internal.CustomObjectsRegistrar"
161-->[com.google.mlkit:object-detection-custom:17.0.1] AndroidManifest.xml:12:17-133
162                android:value="com.google.firebase.components.ComponentRegistrar" />
162-->[com.google.mlkit:object-detection-custom:17.0.1] AndroidManifest.xml:13:17-82
163            <meta-data
163-->[com.google.mlkit:image-labeling:17.0.8] AndroidManifest.xml:11:13-13:85
164                android:name="com.google.firebase.components:com.google.mlkit.vision.label.defaults.internal.BundledLabelRegistrar"
164-->[com.google.mlkit:image-labeling:17.0.8] AndroidManifest.xml:12:17-132
165                android:value="com.google.firebase.components.ComponentRegistrar" />
165-->[com.google.mlkit:image-labeling:17.0.8] AndroidManifest.xml:13:17-82
166            <meta-data
166-->[com.google.mlkit:image-labeling-custom:17.0.2] AndroidManifest.xml:11:13-13:85
167                android:name="com.google.firebase.components:com.google.mlkit.vision.label.custom.internal.CustomLabelRegistrar"
167-->[com.google.mlkit:image-labeling-custom:17.0.2] AndroidManifest.xml:12:17-129
168                android:value="com.google.firebase.components.ComponentRegistrar" />
168-->[com.google.mlkit:image-labeling-custom:17.0.2] AndroidManifest.xml:13:17-82
169            <meta-data
169-->[com.google.mlkit:segmentation-selfie:16.0.0-beta5] AndroidManifest.xml:12:13-14:85
170                android:name="com.google.firebase.components:com.google.mlkit.vision.segmentation.internal.SegmentationRegistrar"
170-->[com.google.mlkit:segmentation-selfie:16.0.0-beta5] AndroidManifest.xml:13:17-130
171                android:value="com.google.firebase.components.ComponentRegistrar" />
171-->[com.google.mlkit:segmentation-selfie:16.0.0-beta5] AndroidManifest.xml:14:17-82
172            <meta-data
172-->[com.google.mlkit:face-mesh-detection:16.0.0-beta2] AndroidManifest.xml:11:13-13:85
173                android:name="com.google.firebase.components:com.google.mlkit.vision.facemesh.internal.FaceMeshRegistrar"
173-->[com.google.mlkit:face-mesh-detection:16.0.0-beta2] AndroidManifest.xml:12:17-122
174                android:value="com.google.firebase.components.ComponentRegistrar" />
174-->[com.google.mlkit:face-mesh-detection:16.0.0-beta2] AndroidManifest.xml:13:17-82
175            <meta-data
175-->[com.google.android.gms:play-services-mlkit-subject-segmentation:16.0.0-beta1] AndroidManifest.xml:11:13-13:85
176                android:name="com.google.firebase.components:com.google.mlkit.vision.segmentation.subject.internal.SubjectSegmentationRegistrar"
176-->[com.google.android.gms:play-services-mlkit-subject-segmentation:16.0.0-beta1] AndroidManifest.xml:12:17-145
177                android:value="com.google.firebase.components.ComponentRegistrar" />
177-->[com.google.android.gms:play-services-mlkit-subject-segmentation:16.0.0-beta1] AndroidManifest.xml:13:17-82
178            <meta-data
178-->[com.google.android.gms:play-services-mlkit-barcode-scanning:18.3.0] AndroidManifest.xml:12:13-14:85
179                android:name="com.google.firebase.components:com.google.mlkit.vision.barcode.internal.BarcodeRegistrar"
179-->[com.google.android.gms:play-services-mlkit-barcode-scanning:18.3.0] AndroidManifest.xml:13:17-120
180                android:value="com.google.firebase.components.ComponentRegistrar" />
180-->[com.google.android.gms:play-services-mlkit-barcode-scanning:18.3.0] AndroidManifest.xml:14:17-82
181            <meta-data
181-->[com.google.mlkit:vision-internal-vkp:18.2.2] AndroidManifest.xml:14:13-16:85
182                android:name="com.google.firebase.components:com.google.mlkit.vision.vkp.VkpRegistrar"
182-->[com.google.mlkit:vision-internal-vkp:18.2.2] AndroidManifest.xml:15:17-103
183                android:value="com.google.firebase.components.ComponentRegistrar" />
183-->[com.google.mlkit:vision-internal-vkp:18.2.2] AndroidManifest.xml:16:17-82
184            <meta-data
184-->[com.google.android.gms:play-services-mlkit-face-detection:17.1.0] AndroidManifest.xml:12:13-14:85
185                android:name="com.google.firebase.components:com.google.mlkit.vision.face.internal.FaceRegistrar"
185-->[com.google.android.gms:play-services-mlkit-face-detection:17.1.0] AndroidManifest.xml:13:17-114
186                android:value="com.google.firebase.components.ComponentRegistrar" />
186-->[com.google.android.gms:play-services-mlkit-face-detection:17.1.0] AndroidManifest.xml:14:17-82
187            <meta-data
187-->[com.google.android.gms:play-services-mlkit-text-recognition-common:19.0.0] AndroidManifest.xml:12:13-14:85
188                android:name="com.google.firebase.components:com.google.mlkit.vision.text.internal.TextRegistrar"
188-->[com.google.android.gms:play-services-mlkit-text-recognition-common:19.0.0] AndroidManifest.xml:13:17-114
189                android:value="com.google.firebase.components.ComponentRegistrar" />
189-->[com.google.android.gms:play-services-mlkit-text-recognition-common:19.0.0] AndroidManifest.xml:14:17-82
190            <meta-data
190-->[com.google.mlkit:vision-common:17.3.0] AndroidManifest.xml:12:13-14:85
191                android:name="com.google.firebase.components:com.google.mlkit.vision.common.internal.VisionCommonRegistrar"
191-->[com.google.mlkit:vision-common:17.3.0] AndroidManifest.xml:13:17-124
192                android:value="com.google.firebase.components.ComponentRegistrar" />
192-->[com.google.mlkit:vision-common:17.3.0] AndroidManifest.xml:14:17-82
193            <meta-data
193-->[com.google.mlkit:common:18.10.0] AndroidManifest.xml:20:13-22:85
194                android:name="com.google.firebase.components:com.google.mlkit.common.internal.CommonComponentRegistrar"
194-->[com.google.mlkit:common:18.10.0] AndroidManifest.xml:21:17-120
195                android:value="com.google.firebase.components.ComponentRegistrar" />
195-->[com.google.mlkit:common:18.10.0] AndroidManifest.xml:22:17-82
196        </service>
197        <service
197-->[com.google.mlkit:acceleration:16.0.0-beta2] AndroidManifest.xml:8:9-11:68
198            android:name="com.google.mlkit.acceleration.internal.MlKitRemoteWorkerService"
198-->[com.google.mlkit:acceleration:16.0.0-beta2] AndroidManifest.xml:9:13-91
199            android:exported="false"
199-->[com.google.mlkit:acceleration:16.0.0-beta2] AndroidManifest.xml:10:13-37
200            android:process=":mlkit_acceleration_mini_benchmark" />
200-->[com.google.mlkit:acceleration:16.0.0-beta2] AndroidManifest.xml:11:13-65
201        <service
201-->[androidx.work:work-multiprocess:2.7.0] AndroidManifest.xml:25:9-27:40
202            android:name="androidx.work.multiprocess.RemoteWorkManagerService"
202-->[androidx.work:work-multiprocess:2.7.0] AndroidManifest.xml:26:13-79
203            android:exported="false" />
203-->[androidx.work:work-multiprocess:2.7.0] AndroidManifest.xml:27:13-37
204
205        <provider
205-->[com.google.mlkit:common:18.10.0] AndroidManifest.xml:9:9-13:38
206            android:name="com.google.mlkit.common.internal.MlKitInitProvider"
206-->[com.google.mlkit:common:18.10.0] AndroidManifest.xml:10:13-78
207            android:authorities="com.google.mlkit.vision.demo.mlkitinitprovider"
207-->[com.google.mlkit:common:18.10.0] AndroidManifest.xml:11:13-69
208            android:exported="false"
208-->[com.google.mlkit:common:18.10.0] AndroidManifest.xml:12:13-37
209            android:initOrder="99" />
209-->[com.google.mlkit:common:18.10.0] AndroidManifest.xml:13:13-35
210
211        <activity
211-->[com.google.android.gms:play-services-base:18.3.0] AndroidManifest.xml:20:9-22:45
212            android:name="com.google.android.gms.common.api.GoogleApiActivity"
212-->[com.google.android.gms:play-services-base:18.3.0] AndroidManifest.xml:20:19-85
213            android:exported="false"
213-->[com.google.android.gms:play-services-base:18.3.0] AndroidManifest.xml:22:19-43
214            android:theme="@android:style/Theme.Translucent.NoTitleBar" />
214-->[com.google.android.gms:play-services-base:18.3.0] AndroidManifest.xml:21:19-78
215
216        <provider
216-->[androidx.work:work-runtime:2.7.0] AndroidManifest.xml:31:9-39:20
217            android:name="androidx.startup.InitializationProvider"
217-->[androidx.work:work-runtime:2.7.0] AndroidManifest.xml:32:13-67
218            android:authorities="com.google.mlkit.vision.demo.androidx-startup"
218-->[androidx.work:work-runtime:2.7.0] AndroidManifest.xml:33:13-68
219            android:exported="false" >
219-->[androidx.work:work-runtime:2.7.0] AndroidManifest.xml:34:13-37
220            <meta-data
220-->[androidx.work:work-runtime:2.7.0] AndroidManifest.xml:36:13-38:52
221                android:name="androidx.work.WorkManagerInitializer"
221-->[androidx.work:work-runtime:2.7.0] AndroidManifest.xml:37:17-68
222                android:value="androidx.startup" />
222-->[androidx.work:work-runtime:2.7.0] AndroidManifest.xml:38:17-49
223            <meta-data
223-->[androidx.emoji2:emoji2:1.2.0] AndroidManifest.xml:29:13-31:52
224                android:name="androidx.emoji2.text.EmojiCompatInitializer"
224-->[androidx.emoji2:emoji2:1.2.0] AndroidManifest.xml:30:17-75
225                android:value="androidx.startup" />
225-->[androidx.emoji2:emoji2:1.2.0] AndroidManifest.xml:31:17-49
226            <meta-data
226-->[androidx.lifecycle:lifecycle-process:2.4.1] AndroidManifest.xml:31:13-33:52
227                android:name="androidx.lifecycle.ProcessLifecycleInitializer"
227-->[androidx.lifecycle:lifecycle-process:2.4.1] AndroidManifest.xml:32:17-78
228                android:value="androidx.startup" />
228-->[androidx.lifecycle:lifecycle-process:2.4.1] AndroidManifest.xml:33:17-49
229        </provider>
230
231        <service
231-->[androidx.work:work-runtime:2.7.0] AndroidManifest.xml:41:9-46:35
232            android:name="androidx.work.impl.background.systemalarm.SystemAlarmService"
232-->[androidx.work:work-runtime:2.7.0] AndroidManifest.xml:42:13-88
233            android:directBootAware="false"
233-->[androidx.work:work-runtime:2.7.0] AndroidManifest.xml:43:13-44
234            android:enabled="@bool/enable_system_alarm_service_default"
234-->[androidx.work:work-runtime:2.7.0] AndroidManifest.xml:44:13-72
235            android:exported="false" />
235-->[androidx.work:work-runtime:2.7.0] AndroidManifest.xml:45:13-37
236        <service
236-->[androidx.work:work-runtime:2.7.0] AndroidManifest.xml:47:9-53:35
237            android:name="androidx.work.impl.background.systemjob.SystemJobService"
237-->[androidx.work:work-runtime:2.7.0] AndroidManifest.xml:48:13-84
238            android:directBootAware="false"
238-->[androidx.work:work-runtime:2.7.0] AndroidManifest.xml:49:13-44
239            android:enabled="@bool/enable_system_job_service_default"
239-->[androidx.work:work-runtime:2.7.0] AndroidManifest.xml:50:13-70
240            android:exported="true"
240-->[androidx.work:work-runtime:2.7.0] AndroidManifest.xml:51:13-36
241            android:permission="android.permission.BIND_JOB_SERVICE" />
241-->[androidx.work:work-runtime:2.7.0] AndroidManifest.xml:52:13-69
242        <service
242-->[androidx.work:work-runtime:2.7.0] AndroidManifest.xml:54:9-59:35
243            android:name="androidx.work.impl.foreground.SystemForegroundService"
243-->[androidx.work:work-runtime:2.7.0] AndroidManifest.xml:55:13-81
244            android:directBootAware="false"
244-->[androidx.work:work-runtime:2.7.0] AndroidManifest.xml:56:13-44
245            android:enabled="@bool/enable_system_foreground_service_default"
245-->[androidx.work:work-runtime:2.7.0] AndroidManifest.xml:57:13-77
246            android:exported="false" />
246-->[androidx.work:work-runtime:2.7.0] AndroidManifest.xml:58:13-37
247
248        <receiver
248-->[androidx.work:work-runtime:2.7.0] AndroidManifest.xml:61:9-66:35
249            android:name="androidx.work.impl.utils.ForceStopRunnable$BroadcastReceiver"
249-->[androidx.work:work-runtime:2.7.0] AndroidManifest.xml:62:13-88
250            android:directBootAware="false"
250-->[androidx.work:work-runtime:2.7.0] AndroidManifest.xml:63:13-44
251            android:enabled="true"
251-->[androidx.work:work-runtime:2.7.0] AndroidManifest.xml:64:13-35
252            android:exported="false" />
252-->[androidx.work:work-runtime:2.7.0] AndroidManifest.xml:65:13-37
253        <receiver
253-->[androidx.work:work-runtime:2.7.0] AndroidManifest.xml:67:9-77:20
254            android:name="androidx.work.impl.background.systemalarm.ConstraintProxy$BatteryChargingProxy"
254-->[androidx.work:work-runtime:2.7.0] AndroidManifest.xml:68:13-106
255            android:directBootAware="false"
255-->[androidx.work:work-runtime:2.7.0] AndroidManifest.xml:69:13-44
256            android:enabled="false"
256-->[androidx.work:work-runtime:2.7.0] AndroidManifest.xml:70:13-36
257            android:exported="false" >
257-->[androidx.work:work-runtime:2.7.0] AndroidManifest.xml:71:13-37
258            <intent-filter>
258-->[androidx.work:work-runtime:2.7.0] AndroidManifest.xml:73:13-76:29
259                <action android:name="android.intent.action.ACTION_POWER_CONNECTED" />
259-->[androidx.work:work-runtime:2.7.0] AndroidManifest.xml:74:17-87
259-->[androidx.work:work-runtime:2.7.0] AndroidManifest.xml:74:25-84
260                <action android:name="android.intent.action.ACTION_POWER_DISCONNECTED" />
260-->[androidx.work:work-runtime:2.7.0] AndroidManifest.xml:75:17-90
260-->[androidx.work:work-runtime:2.7.0] AndroidManifest.xml:75:25-87
261            </intent-filter>
262        </receiver>
263        <receiver
263-->[androidx.work:work-runtime:2.7.0] AndroidManifest.xml:78:9-88:20
264            android:name="androidx.work.impl.background.systemalarm.ConstraintProxy$BatteryNotLowProxy"
264-->[androidx.work:work-runtime:2.7.0] AndroidManifest.xml:79:13-104
265            android:directBootAware="false"
265-->[androidx.work:work-runtime:2.7.0] AndroidManifest.xml:80:13-44
266            android:enabled="false"
266-->[androidx.work:work-runtime:2.7.0] AndroidManifest.xml:81:13-36
267            android:exported="false" >
267-->[androidx.work:work-runtime:2.7.0] AndroidManifest.xml:82:13-37
268            <intent-filter>
268-->[androidx.work:work-runtime:2.7.0] AndroidManifest.xml:84:13-87:29
269                <action android:name="android.intent.action.BATTERY_OKAY" />
269-->[androidx.work:work-runtime:2.7.0] AndroidManifest.xml:85:17-77
269-->[androidx.work:work-runtime:2.7.0] AndroidManifest.xml:85:25-74
270                <action android:name="android.intent.action.BATTERY_LOW" />
270-->[androidx.work:work-runtime:2.7.0] AndroidManifest.xml:86:17-76
270-->[androidx.work:work-runtime:2.7.0] AndroidManifest.xml:86:25-73
271            </intent-filter>
272        </receiver>
273        <receiver
273-->[androidx.work:work-runtime:2.7.0] AndroidManifest.xml:89:9-99:20
274            android:name="androidx.work.impl.background.systemalarm.ConstraintProxy$StorageNotLowProxy"
274-->[androidx.work:work-runtime:2.7.0] AndroidManifest.xml:90:13-104
275            android:directBootAware="false"
275-->[androidx.work:work-runtime:2.7.0] AndroidManifest.xml:91:13-44
276            android:enabled="false"
276-->[androidx.work:work-runtime:2.7.0] AndroidManifest.xml:92:13-36
277            android:exported="false" >
277-->[androidx.work:work-runtime:2.7.0] AndroidManifest.xml:93:13-37
278            <intent-filter>
278-->[androidx.work:work-runtime:2.7.0] AndroidManifest.xml:95:13-98:29
279                <action android:name="android.intent.action.DEVICE_STORAGE_LOW" />
279-->[androidx.work:work-runtime:2.7.0] AndroidManifest.xml:96:17-83
279-->[androidx.work:work-runtime:2.7.0] AndroidManifest.xml:96:25-80
280                <action android:name="android.intent.action.DEVICE_STORAGE_OK" />